Determining if the Q_WS_WIN exist failed with the following output:
Change Dir: /home/rodrigo/TESINA-2016-KINECT/pruebasPCLWebGL/pcd_to_png/pcl-pcl-1.7.2rc2.1/CMakeFiles/CMakeTmp

Run Build Command:/usr/bin/make "cmTryCompileExec575190154/fast"
/usr/bin/make -f CMakeFiles/cmTryCompileExec575190154.dir/build.make CMakeFiles/cmTryCompileExec575190154.dir/build
make[1]: se ingresa al directorio «/home/rodrigo/TESINA-2016-KINECT/pruebasPCLWebGL/pcd_to_png/pcl-pcl-1.7.2rc2.1/CMakeFiles/CMakeTmp»
/usr/bin/cmake -E cmake_progress_report /home/rodrigo/TESINA-2016-KINECT/pruebasPCLWebGL/pcd_to_png/pcl-pcl-1.7.2rc2.1/CMakeFiles/CMakeTmp/CMakeFiles 1
Building CXX object CMakeFiles/cmTryCompileExec575190154.dir/CheckSymbolExists.cxx.o
/usr/bin/c++    -Wall -Wextra -Wno-unknown-pragmas -fno-strict-aliasing -Wno-format-extra-args -Wno-sign-compare -Wno-invalid-offsetof -Wno-conversion  -march=native -msse4.2 -mfpmath=sse -Wabi -pthread -fopenmp  -I/usr/include/qt4    -o CMakeFiles/cmTryCompileExec575190154.dir/CheckSymbolExists.cxx.o -c /home/rodrigo/TESINA-2016-KINECT/pruebasPCLWebGL/pcd_to_png/pcl-pcl-1.7.2rc2.1/CMakeFiles/CMakeTmp/CheckSymbolExists.cxx
/home/rodrigo/TESINA-2016-KINECT/pruebasPCLWebGL/pcd_to_png/pcl-pcl-1.7.2rc2.1/CMakeFiles/CMakeTmp/CheckSymbolExists.cxx: In function ‘int main(int, char**)’:
/home/rodrigo/TESINA-2016-KINECT/pruebasPCLWebGL/pcd_to_png/pcl-pcl-1.7.2rc2.1/CMakeFiles/CMakeTmp/CheckSymbolExists.cxx:8:19: error: ‘Q_WS_WIN’ was not declared in this scope
   return ((int*)(&Q_WS_WIN))[argc];
                   ^
make[1]: *** [CMakeFiles/cmTryCompileExec575190154.dir/CheckSymbolExists.cxx.o] Error 1
make[1]: se sale del directorio «/home/rodrigo/TESINA-2016-KINECT/pruebasPCLWebGL/pcd_to_png/pcl-pcl-1.7.2rc2.1/CMakeFiles/CMakeTmp»
make: *** [cmTryCompileExec575190154/fast] Error 2

File /home/rodrigo/TESINA-2016-KINECT/pruebasPCLWebGL/pcd_to_png/pcl-pcl-1.7.2rc2.1/CMakeFiles/CMakeTmp/CheckSymbolExists.cxx:
/* */
#include <QtCore/qglobal.h>

int main(int argc, char** argv)
{
  (void)argv;
#ifndef Q_WS_WIN
  return ((int*)(&Q_WS_WIN))[argc];
#else
  (void)argc;
  return 0;
#endif
}

Determining if the Q_WS_QWS exist failed with the following output:
Change Dir: /home/rodrigo/TESINA-2016-KINECT/pruebasPCLWebGL/pcd_to_png/pcl-pcl-1.7.2rc2.1/CMakeFiles/CMakeTmp

Run Build Command:/usr/bin/make "cmTryCompileExec1284041402/fast"
/usr/bin/make -f CMakeFiles/cmTryCompileExec1284041402.dir/build.make CMakeFiles/cmTryCompileExec1284041402.dir/build
make[1]: se ingresa al directorio «/home/rodrigo/TESINA-2016-KINECT/pruebasPCLWebGL/pcd_to_png/pcl-pcl-1.7.2rc2.1/CMakeFiles/CMakeTmp»
/usr/bin/cmake -E cmake_progress_report /home/rodrigo/TESINA-2016-KINECT/pruebasPCLWebGL/pcd_to_png/pcl-pcl-1.7.2rc2.1/CMakeFiles/CMakeTmp/CMakeFiles 1
Building CXX object CMakeFiles/cmTryCompileExec1284041402.dir/CheckSymbolExists.cxx.o
/usr/bin/c++    -Wall -Wextra -Wno-unknown-pragmas -fno-strict-aliasing -Wno-format-extra-args -Wno-sign-compare -Wno-invalid-offsetof -Wno-conversion  -march=native -msse4.2 -mfpmath=sse -Wabi -pthread -fopenmp  -I/usr/include/qt4    -o CMakeFiles/cmTryCompileExec1284041402.dir/CheckSymbolExists.cxx.o -c /home/rodrigo/TESINA-2016-KINECT/pruebasPCLWebGL/pcd_to_png/pcl-pcl-1.7.2rc2.1/CMakeFiles/CMakeTmp/CheckSymbolExists.cxx
/home/rodrigo/TESINA-2016-KINECT/pruebasPCLWebGL/pcd_to_png/pcl-pcl-1.7.2rc2.1/CMakeFiles/CMakeTmp/CheckSymbolExists.cxx: In function ‘int main(int, char**)’:
/home/rodrigo/TESINA-2016-KINECT/pruebasPCLWebGL/pcd_to_png/pcl-pcl-1.7.2rc2.1/CMakeFiles/CMakeTmp/CheckSymbolExists.cxx:8:19: error: ‘Q_WS_QWS’ was not declared in this scope
   return ((int*)(&Q_WS_QWS))[argc];
                   ^
make[1]: *** [CMakeFiles/cmTryCompileExec1284041402.dir/CheckSymbolExists.cxx.o] Error 1
make[1]: se sale del directorio «/home/rodrigo/TESINA-2016-KINECT/pruebasPCLWebGL/pcd_to_png/pcl-pcl-1.7.2rc2.1/CMakeFiles/CMakeTmp»
make: *** [cmTryCompileExec1284041402/fast] Error 2

File /home/rodrigo/TESINA-2016-KINECT/pruebasPCLWebGL/pcd_to_png/pcl-pcl-1.7.2rc2.1/CMakeFiles/CMakeTmp/CheckSymbolExists.cxx:
/* */
#include <QtCore/qglobal.h>

int main(int argc, char** argv)
{
  (void)argv;
#ifndef Q_WS_QWS
  return ((int*)(&Q_WS_QWS))[argc];
#else
  (void)argc;
  return 0;
#endif
}

Determining if the Q_WS_MAC exist failed with the following output:
Change Dir: /home/rodrigo/TESINA-2016-KINECT/pruebasPCLWebGL/pcd_to_png/pcl-pcl-1.7.2rc2.1/CMakeFiles/CMakeTmp

Run Build Command:/usr/bin/make "cmTryCompileExec307155053/fast"
/usr/bin/make -f CMakeFiles/cmTryCompileExec307155053.dir/build.make CMakeFiles/cmTryCompileExec307155053.dir/build
make[1]: se ingresa al directorio «/home/rodrigo/TESINA-2016-KINECT/pruebasPCLWebGL/pcd_to_png/pcl-pcl-1.7.2rc2.1/CMakeFiles/CMakeTmp»
/usr/bin/cmake -E cmake_progress_report /home/rodrigo/TESINA-2016-KINECT/pruebasPCLWebGL/pcd_to_png/pcl-pcl-1.7.2rc2.1/CMakeFiles/CMakeTmp/CMakeFiles 1
Building CXX object CMakeFiles/cmTryCompileExec307155053.dir/CheckSymbolExists.cxx.o
/usr/bin/c++    -Wall -Wextra -Wno-unknown-pragmas -fno-strict-aliasing -Wno-format-extra-args -Wno-sign-compare -Wno-invalid-offsetof -Wno-conversion  -march=native -msse4.2 -mfpmath=sse -Wabi -pthread -fopenmp  -I/usr/include/qt4    -o CMakeFiles/cmTryCompileExec307155053.dir/CheckSymbolExists.cxx.o -c /home/rodrigo/TESINA-2016-KINECT/pruebasPCLWebGL/pcd_to_png/pcl-pcl-1.7.2rc2.1/CMakeFiles/CMakeTmp/CheckSymbolExists.cxx
/home/rodrigo/TESINA-2016-KINECT/pruebasPCLWebGL/pcd_to_png/pcl-pcl-1.7.2rc2.1/CMakeFiles/CMakeTmp/CheckSymbolExists.cxx: In function ‘int main(int, char**)’:
/home/rodrigo/TESINA-2016-KINECT/pruebasPCLWebGL/pcd_to_png/pcl-pcl-1.7.2rc2.1/CMakeFiles/CMakeTmp/CheckSymbolExists.cxx:8:19: error: ‘Q_WS_MAC’ was not declared in this scope
   return ((int*)(&Q_WS_MAC))[argc];
                   ^
make[1]: *** [CMakeFiles/cmTryCompileExec307155053.dir/CheckSymbolExists.cxx.o] Error 1
make[1]: se sale del directorio «/home/rodrigo/TESINA-2016-KINECT/pruebasPCLWebGL/pcd_to_png/pcl-pcl-1.7.2rc2.1/CMakeFiles/CMakeTmp»
make: *** [cmTryCompileExec307155053/fast] Error 2

File /home/rodrigo/TESINA-2016-KINECT/pruebasPCLWebGL/pcd_to_png/pcl-pcl-1.7.2rc2.1/CMakeFiles/CMakeTmp/CheckSymbolExists.cxx:
/* */
#include <QtCore/qglobal.h>

int main(int argc, char** argv)
{
  (void)argv;
#ifndef Q_WS_MAC
  return ((int*)(&Q_WS_MAC))[argc];
#else
  (void)argc;
  return 0;
#endif
}

