The system is: Linux - 3.16.0-30-generic - i686
Compiling the C compiler identification source file "CMakeCCompilerId.c" succeeded.
Compiler: /usr/bin/cc 
Build flags: 
Id flags: 

The output was:
0


Compilation of the C compiler identification source "CMakeCCompilerId.c" produced "a.out"

The C compiler identification is GNU, found in "/home/rodrigo/TESINA-2016-KINECT/pruebasPCLWebGL/pcd_to_png/pcl-pcl-1.7.2rc2.1/CMakeFiles/2.8.12.2/CompilerIdC/a.out"

Compiling the CXX compiler identification source file "CMakeCXXCompilerId.cpp" succeeded.
Compiler: /usr/bin/c++ 
Build flags: 
Id flags: 

The output was:
0


Compilation of the CXX compiler identification source "CMakeCXXCompilerId.cpp" produced "a.out"

The CXX compiler identification is GNU, found in "/home/rodrigo/TESINA-2016-KINECT/pruebasPCLWebGL/pcd_to_png/pcl-pcl-1.7.2rc2.1/CMakeFiles/2.8.12.2/CompilerIdCXX/a.out"

Determining if the C compiler works passed with the following output:
Change Dir: /home/rodrigo/TESINA-2016-KINECT/pruebasPCLWebGL/pcd_to_png/pcl-pcl-1.7.2rc2.1/CMakeFiles/CMakeTmp

Run Build Command:/usr/bin/make "cmTryCompileExec870286931/fast"
/usr/bin/make -f CMakeFiles/cmTryCompileExec870286931.dir/build.make CMakeFiles/cmTryCompileExec870286931.dir/build
make[1]: se ingresa al directorio «/home/rodrigo/TESINA-2016-KINECT/pruebasPCLWebGL/pcd_to_png/pcl-pcl-1.7.2rc2.1/CMakeFiles/CMakeTmp»
/usr/bin/cmake -E cmake_progress_report /home/rodrigo/TESINA-2016-KINECT/pruebasPCLWebGL/pcd_to_png/pcl-pcl-1.7.2rc2.1/CMakeFiles/CMakeTmp/CMakeFiles 1
Building C object CMakeFiles/cmTryCompileExec870286931.dir/testCCompiler.c.o
/usr/bin/cc    -o CMakeFiles/cmTryCompileExec870286931.dir/testCCompiler.c.o   -c /home/rodrigo/TESINA-2016-KINECT/pruebasPCLWebGL/pcd_to_png/pcl-pcl-1.7.2rc2.1/CMakeFiles/CMakeTmp/testCCompiler.c
Linking C executable cmTryCompileExec870286931
/usr/bin/cmake -E cmake_link_script CMakeFiles/cmTryCompileExec870286931.dir/link.txt --verbose=1
/usr/bin/cc       CMakeFiles/cmTryCompileExec870286931.dir/testCCompiler.c.o  -o cmTryCompileExec870286931 -rdynamic 
make[1]: se sale del directorio «/home/rodrigo/TESINA-2016-KINECT/pruebasPCLWebGL/pcd_to_png/pcl-pcl-1.7.2rc2.1/CMakeFiles/CMakeTmp»


Detecting C compiler ABI info compiled with the following output:
Change Dir: /home/rodrigo/TESINA-2016-KINECT/pruebasPCLWebGL/pcd_to_png/pcl-pcl-1.7.2rc2.1/CMakeFiles/CMakeTmp

Run Build Command:/usr/bin/make "cmTryCompileExec1844996697/fast"
/usr/bin/make -f CMakeFiles/cmTryCompileExec1844996697.dir/build.make CMakeFiles/cmTryCompileExec1844996697.dir/build
make[1]: se ingresa al directorio «/home/rodrigo/TESINA-2016-KINECT/pruebasPCLWebGL/pcd_to_png/pcl-pcl-1.7.2rc2.1/CMakeFiles/CMakeTmp»
/usr/bin/cmake -E cmake_progress_report /home/rodrigo/TESINA-2016-KINECT/pruebasPCLWebGL/pcd_to_png/pcl-pcl-1.7.2rc2.1/CMakeFiles/CMakeTmp/CMakeFiles 1
Building C object CMakeFiles/cmTryCompileExec1844996697.dir/CMakeCCompilerABI.c.o
/usr/bin/cc    -o CMakeFiles/cmTryCompileExec1844996697.dir/CMakeCCompilerABI.c.o   -c /usr/share/cmake-2.8/Modules/CMakeCCompilerABI.c
Linking C executable cmTryCompileExec1844996697
/usr/bin/cmake -E cmake_link_script CMakeFiles/cmTryCompileExec1844996697.dir/link.txt --verbose=1
/usr/bin/cc     -v CMakeFiles/cmTryCompileExec1844996697.dir/CMakeCCompilerABI.c.o  -o cmTryCompileExec1844996697 -rdynamic  
Using built-in specs.
COLLECT_GCC=/usr/bin/cc
COLLECT_LTO_WRAPPER=/usr/lib/gcc/i686-linux-gnu/4.8/lto-wrapper
Target: i686-linux-gnu
Configured with: ../src/configure -v --with-pkgversion='Ubuntu 4.8.4-2ubuntu1~14.04.1' --with-bugurl=file:///usr/share/doc/gcc-4.8/README.Bugs --enable-languages=c,c++,java,go,d,fortran,objc,obj-c++ --prefix=/usr --program-suffix=-4.8 --enable-shared --enable-linker-build-id --libexecdir=/usr/lib --without-included-gettext --enable-threads=posix --with-gxx-include-dir=/usr/include/c++/4.8 --libdir=/usr/lib --enable-nls --with-sysroot=/ --enable-clocale=gnu --enable-libstdcxx-debug --enable-libstdcxx-time=yes --enable-gnu-unique-object --disable-libmudflap --enable-plugin --with-system-zlib --disable-browser-plugin --enable-java-awt=gtk --enable-gtk-cairo --with-java-home=/usr/lib/jvm/java-1.5.0-gcj-4.8-i386/jre --enable-java-home --with-jvm-root-dir=/usr/lib/jvm/java-1.5.0-gcj-4.8-i386 --with-jvm-jar-dir=/usr/lib/jvm-exports/java-1.5.0-gcj-4.8-i386 --with-arch-directory=i386 --with-ecj-jar=/usr/share/java/eclipse-ecj.jar --enable-objc-gc --enable-targets=all --enable-multiarch --disable-werror --with-arch-32=i686 --with-multilib-list=m32,m64,mx32 --with-tune=generic --enable-checking=release --build=i686-linux-gnu --host=i686-linux-gnu --target=i686-linux-gnu
Thread model: posix
gcc version 4.8.4 (Ubuntu 4.8.4-2ubuntu1~14.04.1) 
COMPILER_PATH=/usr/lib/gcc/i686-linux-gnu/4.8/:/usr/lib/gcc/i686-linux-gnu/4.8/:/usr/lib/gcc/i686-linux-gnu/:/usr/lib/gcc/i686-linux-gnu/4.8/:/usr/lib/gcc/i686-linux-gnu/
LIBRARY_PATH=/usr/lib/gcc/i686-linux-gnu/4.8/:/usr/lib/gcc/i686-linux-gnu/4.8/../../../i386-linux-gnu/:/usr/lib/gcc/i686-linux-gnu/4.8/../../../../lib/:/lib/i386-linux-gnu/:/lib/../lib/:/usr/lib/i386-linux-gnu/:/usr/lib/../lib/:/usr/lib/gcc/i686-linux-gnu/4.8/../../../:/lib/:/usr/lib/
COLLECT_GCC_OPTIONS='-v' '-o' 'cmTryCompileExec1844996697' '-rdynamic' '-mtune=generic' '-march=i686'
 /usr/lib/gcc/i686-linux-gnu/4.8/collect2 --sysroot=/ --build-id --eh-frame-hdr -m elf_i386 --hash-style=gnu --as-needed -export-dynamic -dynamic-linker /lib/ld-linux.so.2 -z relro -o cmTryCompileExec1844996697 /usr/lib/gcc/i686-linux-gnu/4.8/../../../i386-linux-gnu/crt1.o /usr/lib/gcc/i686-linux-gnu/4.8/../../../i386-linux-gnu/crti.o /usr/lib/gcc/i686-linux-gnu/4.8/crtbegin.o -L/usr/lib/gcc/i686-linux-gnu/4.8 -L/usr/lib/gcc/i686-linux-gnu/4.8/../../../i386-linux-gnu -L/usr/lib/gcc/i686-linux-gnu/4.8/../../../../lib -L/lib/i386-linux-gnu -L/lib/../lib -L/usr/lib/i386-linux-gnu -L/usr/lib/../lib -L/usr/lib/gcc/i686-linux-gnu/4.8/../../.. CMakeFiles/cmTryCompileExec1844996697.dir/CMakeCCompilerABI.c.o -lgcc --as-needed -lgcc_s --no-as-needed -lc -lgcc --as-needed -lgcc_s --no-as-needed /usr/lib/gcc/i686-linux-gnu/4.8/crtend.o /usr/lib/gcc/i686-linux-gnu/4.8/../../../i386-linux-gnu/crtn.o
make[1]: se sale del directorio «/home/rodrigo/TESINA-2016-KINECT/pruebasPCLWebGL/pcd_to_png/pcl-pcl-1.7.2rc2.1/CMakeFiles/CMakeTmp»


Parsed C implicit link information from above output:
  link line regex: [^( *|.*[/\])(ld|([^/\]+-)?ld|collect2)[^/\]*( |$)]
  ignore line: [Change Dir: /home/rodrigo/TESINA-2016-KINECT/pruebasPCLWebGL/pcd_to_png/pcl-pcl-1.7.2rc2.1/CMakeFiles/CMakeTmp]
  ignore line: []
  ignore line: [Run Build Command:/usr/bin/make "cmTryCompileExec1844996697/fast"]
  ignore line: [/usr/bin/make -f CMakeFiles/cmTryCompileExec1844996697.dir/build.make CMakeFiles/cmTryCompileExec1844996697.dir/build]
  ignore line: [make[1]: se ingresa al directorio «/home/rodrigo/TESINA-2016-KINECT/pruebasPCLWebGL/pcd_to_png/pcl-pcl-1.7.2rc2.1/CMakeFiles/CMakeTmp»]
  ignore line: [/usr/bin/cmake -E cmake_progress_report /home/rodrigo/TESINA-2016-KINECT/pruebasPCLWebGL/pcd_to_png/pcl-pcl-1.7.2rc2.1/CMakeFiles/CMakeTmp/CMakeFiles 1]
  ignore line: [Building C object CMakeFiles/cmTryCompileExec1844996697.dir/CMakeCCompilerABI.c.o]
  ignore line: [/usr/bin/cc    -o CMakeFiles/cmTryCompileExec1844996697.dir/CMakeCCompilerABI.c.o   -c /usr/share/cmake-2.8/Modules/CMakeCCompilerABI.c]
  ignore line: [Linking C executable cmTryCompileExec1844996697]
  ignore line: [/usr/bin/cmake -E cmake_link_script CMakeFiles/cmTryCompileExec1844996697.dir/link.txt --verbose=1]
  ignore line: [/usr/bin/cc     -v CMakeFiles/cmTryCompileExec1844996697.dir/CMakeCCompilerABI.c.o  -o cmTryCompileExec1844996697 -rdynamic  ]
  ignore line: [Using built-in specs.]
  ignore line: [COLLECT_GCC=/usr/bin/cc]
  ignore line: [COLLECT_LTO_WRAPPER=/usr/lib/gcc/i686-linux-gnu/4.8/lto-wrapper]
  ignore line: [Target: i686-linux-gnu]
  ignore line: [Configured with: ../src/configure -v --with-pkgversion='Ubuntu 4.8.4-2ubuntu1~14.04.1' --with-bugurl=file:///usr/share/doc/gcc-4.8/README.Bugs --enable-languages=c,c++,java,go,d,fortran,objc,obj-c++ --prefix=/usr --program-suffix=-4.8 --enable-shared --enable-linker-build-id --libexecdir=/usr/lib --without-included-gettext --enable-threads=posix --with-gxx-include-dir=/usr/include/c++/4.8 --libdir=/usr/lib --enable-nls --with-sysroot=/ --enable-clocale=gnu --enable-libstdcxx-debug --enable-libstdcxx-time=yes --enable-gnu-unique-object --disable-libmudflap --enable-plugin --with-system-zlib --disable-browser-plugin --enable-java-awt=gtk --enable-gtk-cairo --with-java-home=/usr/lib/jvm/java-1.5.0-gcj-4.8-i386/jre --enable-java-home --with-jvm-root-dir=/usr/lib/jvm/java-1.5.0-gcj-4.8-i386 --with-jvm-jar-dir=/usr/lib/jvm-exports/java-1.5.0-gcj-4.8-i386 --with-arch-directory=i386 --with-ecj-jar=/usr/share/java/eclipse-ecj.jar --enable-objc-gc --enable-targets=all --enable-multiarch --disable-werror --with-arch-32=i686 --with-multilib-list=m32,m64,mx32 --with-tune=generic --enable-checking=release --build=i686-linux-gnu --host=i686-linux-gnu --target=i686-linux-gnu]
  ignore line: [Thread model: posix]
  ignore line: [gcc version 4.8.4 (Ubuntu 4.8.4-2ubuntu1~14.04.1) ]
  ignore line: [COMPILER_PATH=/usr/lib/gcc/i686-linux-gnu/4.8/:/usr/lib/gcc/i686-linux-gnu/4.8/:/usr/lib/gcc/i686-linux-gnu/:/usr/lib/gcc/i686-linux-gnu/4.8/:/usr/lib/gcc/i686-linux-gnu/]
  ignore line: [LIBRARY_PATH=/usr/lib/gcc/i686-linux-gnu/4.8/:/usr/lib/gcc/i686-linux-gnu/4.8/../../../i386-linux-gnu/:/usr/lib/gcc/i686-linux-gnu/4.8/../../../../lib/:/lib/i386-linux-gnu/:/lib/../lib/:/usr/lib/i386-linux-gnu/:/usr/lib/../lib/:/usr/lib/gcc/i686-linux-gnu/4.8/../../../:/lib/:/usr/lib/]
  ignore line: [COLLECT_GCC_OPTIONS='-v' '-o' 'cmTryCompileExec1844996697' '-rdynamic' '-mtune=generic' '-march=i686']
  link line: [ /usr/lib/gcc/i686-linux-gnu/4.8/collect2 --sysroot=/ --build-id --eh-frame-hdr -m elf_i386 --hash-style=gnu --as-needed -export-dynamic -dynamic-linker /lib/ld-linux.so.2 -z relro -o cmTryCompileExec1844996697 /usr/lib/gcc/i686-linux-gnu/4.8/../../../i386-linux-gnu/crt1.o /usr/lib/gcc/i686-linux-gnu/4.8/../../../i386-linux-gnu/crti.o /usr/lib/gcc/i686-linux-gnu/4.8/crtbegin.o -L/usr/lib/gcc/i686-linux-gnu/4.8 -L/usr/lib/gcc/i686-linux-gnu/4.8/../../../i386-linux-gnu -L/usr/lib/gcc/i686-linux-gnu/4.8/../../../../lib -L/lib/i386-linux-gnu -L/lib/../lib -L/usr/lib/i386-linux-gnu -L/usr/lib/../lib -L/usr/lib/gcc/i686-linux-gnu/4.8/../../.. CMakeFiles/cmTryCompileExec1844996697.dir/CMakeCCompilerABI.c.o -lgcc --as-needed -lgcc_s --no-as-needed -lc -lgcc --as-needed -lgcc_s --no-as-needed /usr/lib/gcc/i686-linux-gnu/4.8/crtend.o /usr/lib/gcc/i686-linux-gnu/4.8/../../../i386-linux-gnu/crtn.o]
    arg [/usr/lib/gcc/i686-linux-gnu/4.8/collect2] ==> ignore
    arg [--sysroot=/] ==> ignore
    arg [--build-id] ==> ignore
    arg [--eh-frame-hdr] ==> ignore
    arg [-m] ==> ignore
    arg [elf_i386] ==> ignore
    arg [--hash-style=gnu] ==> ignore
    arg [--as-needed] ==> ignore
    arg [-export-dynamic] ==> ignore
    arg [-dynamic-linker] ==> ignore
    arg [/lib/ld-linux.so.2] ==> ignore
    arg [-zrelro] ==> ignore
    arg [-o] ==> ignore
    arg [cmTryCompileExec1844996697] ==> ignore
    arg [/usr/lib/gcc/i686-linux-gnu/4.8/../../../i386-linux-gnu/crt1.o] ==> ignore
    arg [/usr/lib/gcc/i686-linux-gnu/4.8/../../../i386-linux-gnu/crti.o] ==> ignore
    arg [/usr/lib/gcc/i686-linux-gnu/4.8/crtbegin.o] ==> ignore
    arg [-L/usr/lib/gcc/i686-linux-gnu/4.8] ==> dir [/usr/lib/gcc/i686-linux-gnu/4.8]
    arg [-L/usr/lib/gcc/i686-linux-gnu/4.8/../../../i386-linux-gnu] ==> dir [/usr/lib/gcc/i686-linux-gnu/4.8/../../../i386-linux-gnu]
    arg [-L/usr/lib/gcc/i686-linux-gnu/4.8/../../../../lib] ==> dir [/usr/lib/gcc/i686-linux-gnu/4.8/../../../../lib]
    arg [-L/lib/i386-linux-gnu] ==> dir [/lib/i386-linux-gnu]
    arg [-L/lib/../lib] ==> dir [/lib/../lib]
    arg [-L/usr/lib/i386-linux-gnu] ==> dir [/usr/lib/i386-linux-gnu]
    arg [-L/usr/lib/../lib] ==> dir [/usr/lib/../lib]
    arg [-L/usr/lib/gcc/i686-linux-gnu/4.8/../../..] ==> dir [/usr/lib/gcc/i686-linux-gnu/4.8/../../..]
    arg [CMakeFiles/cmTryCompileExec1844996697.dir/CMakeCCompilerABI.c.o] ==> ignore
    arg [-lgcc] ==> lib [gcc]
    arg [--as-needed] ==> ignore
    arg [-lgcc_s] ==> lib [gcc_s]
    arg [--no-as-needed] ==> ignore
    arg [-lc] ==> lib [c]
    arg [-lgcc] ==> lib [gcc]
    arg [--as-needed] ==> ignore
    arg [-lgcc_s] ==> lib [gcc_s]
    arg [--no-as-needed] ==> ignore
    arg [/usr/lib/gcc/i686-linux-gnu/4.8/crtend.o] ==> ignore
    arg [/usr/lib/gcc/i686-linux-gnu/4.8/../../../i386-linux-gnu/crtn.o] ==> ignore
  remove lib [gcc]
  remove lib [gcc_s]
  remove lib [gcc]
  remove lib [gcc_s]
  collapse library dir [/usr/lib/gcc/i686-linux-gnu/4.8] ==> [/usr/lib/gcc/i686-linux-gnu/4.8]
  collapse library dir [/usr/lib/gcc/i686-linux-gnu/4.8/../../../i386-linux-gnu] ==> [/usr/lib/i386-linux-gnu]
  collapse library dir [/usr/lib/gcc/i686-linux-gnu/4.8/../../../../lib] ==> [/usr/lib]
  collapse library dir [/lib/i386-linux-gnu] ==> [/lib/i386-linux-gnu]
  collapse library dir [/lib/../lib] ==> [/lib]
  collapse library dir [/usr/lib/i386-linux-gnu] ==> [/usr/lib/i386-linux-gnu]
  collapse library dir [/usr/lib/../lib] ==> [/usr/lib]
  collapse library dir [/usr/lib/gcc/i686-linux-gnu/4.8/../../..] ==> [/usr/lib]
  implicit libs: [c]
  implicit dirs: [/usr/lib/gcc/i686-linux-gnu/4.8;/usr/lib/i386-linux-gnu;/usr/lib;/lib/i386-linux-gnu;/lib]
  implicit fwks: []


Determining if the CXX compiler works passed with the following output:
Change Dir: /home/rodrigo/TESINA-2016-KINECT/pruebasPCLWebGL/pcd_to_png/pcl-pcl-1.7.2rc2.1/CMakeFiles/CMakeTmp

Run Build Command:/usr/bin/make "cmTryCompileExec1221565553/fast"
/usr/bin/make -f CMakeFiles/cmTryCompileExec1221565553.dir/build.make CMakeFiles/cmTryCompileExec1221565553.dir/build
make[1]: se ingresa al directorio «/home/rodrigo/TESINA-2016-KINECT/pruebasPCLWebGL/pcd_to_png/pcl-pcl-1.7.2rc2.1/CMakeFiles/CMakeTmp»
/usr/bin/cmake -E cmake_progress_report /home/rodrigo/TESINA-2016-KINECT/pruebasPCLWebGL/pcd_to_png/pcl-pcl-1.7.2rc2.1/CMakeFiles/CMakeTmp/CMakeFiles 1
Building CXX object CMakeFiles/cmTryCompileExec1221565553.dir/testCXXCompiler.cxx.o
/usr/bin/c++     -o CMakeFiles/cmTryCompileExec1221565553.dir/testCXXCompiler.cxx.o -c /home/rodrigo/TESINA-2016-KINECT/pruebasPCLWebGL/pcd_to_png/pcl-pcl-1.7.2rc2.1/CMakeFiles/CMakeTmp/testCXXCompiler.cxx
Linking CXX executable cmTryCompileExec1221565553
/usr/bin/cmake -E cmake_link_script CMakeFiles/cmTryCompileExec1221565553.dir/link.txt --verbose=1
/usr/bin/c++        CMakeFiles/cmTryCompileExec1221565553.dir/testCXXCompiler.cxx.o  -o cmTryCompileExec1221565553 -rdynamic 
make[1]: se sale del directorio «/home/rodrigo/TESINA-2016-KINECT/pruebasPCLWebGL/pcd_to_png/pcl-pcl-1.7.2rc2.1/CMakeFiles/CMakeTmp»


Detecting CXX compiler ABI info compiled with the following output:
Change Dir: /home/rodrigo/TESINA-2016-KINECT/pruebasPCLWebGL/pcd_to_png/pcl-pcl-1.7.2rc2.1/CMakeFiles/CMakeTmp

Run Build Command:/usr/bin/make "cmTryCompileExec2727574284/fast"
/usr/bin/make -f CMakeFiles/cmTryCompileExec2727574284.dir/build.make CMakeFiles/cmTryCompileExec2727574284.dir/build
make[1]: se ingresa al directorio «/home/rodrigo/TESINA-2016-KINECT/pruebasPCLWebGL/pcd_to_png/pcl-pcl-1.7.2rc2.1/CMakeFiles/CMakeTmp»
/usr/bin/cmake -E cmake_progress_report /home/rodrigo/TESINA-2016-KINECT/pruebasPCLWebGL/pcd_to_png/pcl-pcl-1.7.2rc2.1/CMakeFiles/CMakeTmp/CMakeFiles 1
Building CXX object CMakeFiles/cmTryCompileExec2727574284.dir/CMakeCXXCompilerABI.cpp.o
/usr/bin/c++     -o CMakeFiles/cmTryCompileExec2727574284.dir/CMakeCXXCompilerABI.cpp.o -c /usr/share/cmake-2.8/Modules/CMakeCXXCompilerABI.cpp
Linking CXX executable cmTryCompileExec2727574284
/usr/bin/cmake -E cmake_link_script CMakeFiles/cmTryCompileExec2727574284.dir/link.txt --verbose=1
/usr/bin/c++      -v CMakeFiles/cmTryCompileExec2727574284.dir/CMakeCXXCompilerABI.cpp.o  -o cmTryCompileExec2727574284 -rdynamic  
Using built-in specs.
COLLECT_GCC=/usr/bin/c++
COLLECT_LTO_WRAPPER=/usr/lib/gcc/i686-linux-gnu/4.8/lto-wrapper
Target: i686-linux-gnu
Configured with: ../src/configure -v --with-pkgversion='Ubuntu 4.8.4-2ubuntu1~14.04.1' --with-bugurl=file:///usr/share/doc/gcc-4.8/README.Bugs --enable-languages=c,c++,java,go,d,fortran,objc,obj-c++ --prefix=/usr --program-suffix=-4.8 --enable-shared --enable-linker-build-id --libexecdir=/usr/lib --without-included-gettext --enable-threads=posix --with-gxx-include-dir=/usr/include/c++/4.8 --libdir=/usr/lib --enable-nls --with-sysroot=/ --enable-clocale=gnu --enable-libstdcxx-debug --enable-libstdcxx-time=yes --enable-gnu-unique-object --disable-libmudflap --enable-plugin --with-system-zlib --disable-browser-plugin --enable-java-awt=gtk --enable-gtk-cairo --with-java-home=/usr/lib/jvm/java-1.5.0-gcj-4.8-i386/jre --enable-java-home --with-jvm-root-dir=/usr/lib/jvm/java-1.5.0-gcj-4.8-i386 --with-jvm-jar-dir=/usr/lib/jvm-exports/java-1.5.0-gcj-4.8-i386 --with-arch-directory=i386 --with-ecj-jar=/usr/share/java/eclipse-ecj.jar --enable-objc-gc --enable-targets=all --enable-multiarch --disable-werror --with-arch-32=i686 --with-multilib-list=m32,m64,mx32 --with-tune=generic --enable-checking=release --build=i686-linux-gnu --host=i686-linux-gnu --target=i686-linux-gnu
Thread model: posix
gcc version 4.8.4 (Ubuntu 4.8.4-2ubuntu1~14.04.1) 
COMPILER_PATH=/usr/lib/gcc/i686-linux-gnu/4.8/:/usr/lib/gcc/i686-linux-gnu/4.8/:/usr/lib/gcc/i686-linux-gnu/:/usr/lib/gcc/i686-linux-gnu/4.8/:/usr/lib/gcc/i686-linux-gnu/
LIBRARY_PATH=/usr/lib/gcc/i686-linux-gnu/4.8/:/usr/lib/gcc/i686-linux-gnu/4.8/../../../i386-linux-gnu/:/usr/lib/gcc/i686-linux-gnu/4.8/../../../../lib/:/lib/i386-linux-gnu/:/lib/../lib/:/usr/lib/i386-linux-gnu/:/usr/lib/../lib/:/usr/lib/gcc/i686-linux-gnu/4.8/../../../:/lib/:/usr/lib/
COLLECT_GCC_OPTIONS='-v' '-o' 'cmTryCompileExec2727574284' '-rdynamic' '-shared-libgcc' '-mtune=generic' '-march=i686'
 /usr/lib/gcc/i686-linux-gnu/4.8/collect2 --sysroot=/ --build-id --eh-frame-hdr -m elf_i386 --hash-style=gnu --as-needed -export-dynamic -dynamic-linker /lib/ld-linux.so.2 -z relro -o cmTryCompileExec2727574284 /usr/lib/gcc/i686-linux-gnu/4.8/../../../i386-linux-gnu/crt1.o /usr/lib/gcc/i686-linux-gnu/4.8/../../../i386-linux-gnu/crti.o /usr/lib/gcc/i686-linux-gnu/4.8/crtbegin.o -L/usr/lib/gcc/i686-linux-gnu/4.8 -L/usr/lib/gcc/i686-linux-gnu/4.8/../../../i386-linux-gnu -L/usr/lib/gcc/i686-linux-gnu/4.8/../../../../lib -L/lib/i386-linux-gnu -L/lib/../lib -L/usr/lib/i386-linux-gnu -L/usr/lib/../lib -L/usr/lib/gcc/i686-linux-gnu/4.8/../../.. CMakeFiles/cmTryCompileExec2727574284.dir/CMakeCXXCompilerABI.cpp.o -lstdc++ -lm -lgcc_s -lgcc -lc -lgcc_s -lgcc /usr/lib/gcc/i686-linux-gnu/4.8/crtend.o /usr/lib/gcc/i686-linux-gnu/4.8/../../../i386-linux-gnu/crtn.o
make[1]: se sale del directorio «/home/rodrigo/TESINA-2016-KINECT/pruebasPCLWebGL/pcd_to_png/pcl-pcl-1.7.2rc2.1/CMakeFiles/CMakeTmp»


Parsed CXX implicit link information from above output:
  link line regex: [^( *|.*[/\])(ld|([^/\]+-)?ld|collect2)[^/\]*( |$)]
  ignore line: [Change Dir: /home/rodrigo/TESINA-2016-KINECT/pruebasPCLWebGL/pcd_to_png/pcl-pcl-1.7.2rc2.1/CMakeFiles/CMakeTmp]
  ignore line: []
  ignore line: [Run Build Command:/usr/bin/make "cmTryCompileExec2727574284/fast"]
  ignore line: [/usr/bin/make -f CMakeFiles/cmTryCompileExec2727574284.dir/build.make CMakeFiles/cmTryCompileExec2727574284.dir/build]
  ignore line: [make[1]: se ingresa al directorio «/home/rodrigo/TESINA-2016-KINECT/pruebasPCLWebGL/pcd_to_png/pcl-pcl-1.7.2rc2.1/CMakeFiles/CMakeTmp»]
  ignore line: [/usr/bin/cmake -E cmake_progress_report /home/rodrigo/TESINA-2016-KINECT/pruebasPCLWebGL/pcd_to_png/pcl-pcl-1.7.2rc2.1/CMakeFiles/CMakeTmp/CMakeFiles 1]
  ignore line: [Building CXX object CMakeFiles/cmTryCompileExec2727574284.dir/CMakeCXXCompilerABI.cpp.o]
  ignore line: [/usr/bin/c++     -o CMakeFiles/cmTryCompileExec2727574284.dir/CMakeCXXCompilerABI.cpp.o -c /usr/share/cmake-2.8/Modules/CMakeCXXCompilerABI.cpp]
  ignore line: [Linking CXX executable cmTryCompileExec2727574284]
  ignore line: [/usr/bin/cmake -E cmake_link_script CMakeFiles/cmTryCompileExec2727574284.dir/link.txt --verbose=1]
  ignore line: [/usr/bin/c++      -v CMakeFiles/cmTryCompileExec2727574284.dir/CMakeCXXCompilerABI.cpp.o  -o cmTryCompileExec2727574284 -rdynamic  ]
  ignore line: [Using built-in specs.]
  ignore line: [COLLECT_GCC=/usr/bin/c++]
  ignore line: [COLLECT_LTO_WRAPPER=/usr/lib/gcc/i686-linux-gnu/4.8/lto-wrapper]
  ignore line: [Target: i686-linux-gnu]
  ignore line: [Configured with: ../src/configure -v --with-pkgversion='Ubuntu 4.8.4-2ubuntu1~14.04.1' --with-bugurl=file:///usr/share/doc/gcc-4.8/README.Bugs --enable-languages=c,c++,java,go,d,fortran,objc,obj-c++ --prefix=/usr --program-suffix=-4.8 --enable-shared --enable-linker-build-id --libexecdir=/usr/lib --without-included-gettext --enable-threads=posix --with-gxx-include-dir=/usr/include/c++/4.8 --libdir=/usr/lib --enable-nls --with-sysroot=/ --enable-clocale=gnu --enable-libstdcxx-debug --enable-libstdcxx-time=yes --enable-gnu-unique-object --disable-libmudflap --enable-plugin --with-system-zlib --disable-browser-plugin --enable-java-awt=gtk --enable-gtk-cairo --with-java-home=/usr/lib/jvm/java-1.5.0-gcj-4.8-i386/jre --enable-java-home --with-jvm-root-dir=/usr/lib/jvm/java-1.5.0-gcj-4.8-i386 --with-jvm-jar-dir=/usr/lib/jvm-exports/java-1.5.0-gcj-4.8-i386 --with-arch-directory=i386 --with-ecj-jar=/usr/share/java/eclipse-ecj.jar --enable-objc-gc --enable-targets=all --enable-multiarch --disable-werror --with-arch-32=i686 --with-multilib-list=m32,m64,mx32 --with-tune=generic --enable-checking=release --build=i686-linux-gnu --host=i686-linux-gnu --target=i686-linux-gnu]
  ignore line: [Thread model: posix]
  ignore line: [gcc version 4.8.4 (Ubuntu 4.8.4-2ubuntu1~14.04.1) ]
  ignore line: [COMPILER_PATH=/usr/lib/gcc/i686-linux-gnu/4.8/:/usr/lib/gcc/i686-linux-gnu/4.8/:/usr/lib/gcc/i686-linux-gnu/:/usr/lib/gcc/i686-linux-gnu/4.8/:/usr/lib/gcc/i686-linux-gnu/]
  ignore line: [LIBRARY_PATH=/usr/lib/gcc/i686-linux-gnu/4.8/:/usr/lib/gcc/i686-linux-gnu/4.8/../../../i386-linux-gnu/:/usr/lib/gcc/i686-linux-gnu/4.8/../../../../lib/:/lib/i386-linux-gnu/:/lib/../lib/:/usr/lib/i386-linux-gnu/:/usr/lib/../lib/:/usr/lib/gcc/i686-linux-gnu/4.8/../../../:/lib/:/usr/lib/]
  ignore line: [COLLECT_GCC_OPTIONS='-v' '-o' 'cmTryCompileExec2727574284' '-rdynamic' '-shared-libgcc' '-mtune=generic' '-march=i686']
  link line: [ /usr/lib/gcc/i686-linux-gnu/4.8/collect2 --sysroot=/ --build-id --eh-frame-hdr -m elf_i386 --hash-style=gnu --as-needed -export-dynamic -dynamic-linker /lib/ld-linux.so.2 -z relro -o cmTryCompileExec2727574284 /usr/lib/gcc/i686-linux-gnu/4.8/../../../i386-linux-gnu/crt1.o /usr/lib/gcc/i686-linux-gnu/4.8/../../../i386-linux-gnu/crti.o /usr/lib/gcc/i686-linux-gnu/4.8/crtbegin.o -L/usr/lib/gcc/i686-linux-gnu/4.8 -L/usr/lib/gcc/i686-linux-gnu/4.8/../../../i386-linux-gnu -L/usr/lib/gcc/i686-linux-gnu/4.8/../../../../lib -L/lib/i386-linux-gnu -L/lib/../lib -L/usr/lib/i386-linux-gnu -L/usr/lib/../lib -L/usr/lib/gcc/i686-linux-gnu/4.8/../../.. CMakeFiles/cmTryCompileExec2727574284.dir/CMakeCXXCompilerABI.cpp.o -lstdc++ -lm -lgcc_s -lgcc -lc -lgcc_s -lgcc /usr/lib/gcc/i686-linux-gnu/4.8/crtend.o /usr/lib/gcc/i686-linux-gnu/4.8/../../../i386-linux-gnu/crtn.o]
    arg [/usr/lib/gcc/i686-linux-gnu/4.8/collect2] ==> ignore
    arg [--sysroot=/] ==> ignore
    arg [--build-id] ==> ignore
    arg [--eh-frame-hdr] ==> ignore
    arg [-m] ==> ignore
    arg [elf_i386] ==> ignore
    arg [--hash-style=gnu] ==> ignore
    arg [--as-needed] ==> ignore
    arg [-export-dynamic] ==> ignore
    arg [-dynamic-linker] ==> ignore
    arg [/lib/ld-linux.so.2] ==> ignore
    arg [-zrelro] ==> ignore
    arg [-o] ==> ignore
    arg [cmTryCompileExec2727574284] ==> ignore
    arg [/usr/lib/gcc/i686-linux-gnu/4.8/../../../i386-linux-gnu/crt1.o] ==> ignore
    arg [/usr/lib/gcc/i686-linux-gnu/4.8/../../../i386-linux-gnu/crti.o] ==> ignore
    arg [/usr/lib/gcc/i686-linux-gnu/4.8/crtbegin.o] ==> ignore
    arg [-L/usr/lib/gcc/i686-linux-gnu/4.8] ==> dir [/usr/lib/gcc/i686-linux-gnu/4.8]
    arg [-L/usr/lib/gcc/i686-linux-gnu/4.8/../../../i386-linux-gnu] ==> dir [/usr/lib/gcc/i686-linux-gnu/4.8/../../../i386-linux-gnu]
    arg [-L/usr/lib/gcc/i686-linux-gnu/4.8/../../../../lib] ==> dir [/usr/lib/gcc/i686-linux-gnu/4.8/../../../../lib]
    arg [-L/lib/i386-linux-gnu] ==> dir [/lib/i386-linux-gnu]
    arg [-L/lib/../lib] ==> dir [/lib/../lib]
    arg [-L/usr/lib/i386-linux-gnu] ==> dir [/usr/lib/i386-linux-gnu]
    arg [-L/usr/lib/../lib] ==> dir [/usr/lib/../lib]
    arg [-L/usr/lib/gcc/i686-linux-gnu/4.8/../../..] ==> dir [/usr/lib/gcc/i686-linux-gnu/4.8/../../..]
    arg [CMakeFiles/cmTryCompileExec2727574284.dir/CMakeCXXCompilerABI.cpp.o] ==> ignore
    arg [-lstdc++] ==> lib [stdc++]
    arg [-lm] ==> lib [m]
    arg [-lgcc_s] ==> lib [gcc_s]
    arg [-lgcc] ==> lib [gcc]
    arg [-lc] ==> lib [c]
    arg [-lgcc_s] ==> lib [gcc_s]
    arg [-lgcc] ==> lib [gcc]
    arg [/usr/lib/gcc/i686-linux-gnu/4.8/crtend.o] ==> ignore
    arg [/usr/lib/gcc/i686-linux-gnu/4.8/../../../i386-linux-gnu/crtn.o] ==> ignore
  remove lib [gcc_s]
  remove lib [gcc]
  remove lib [gcc_s]
  remove lib [gcc]
  collapse library dir [/usr/lib/gcc/i686-linux-gnu/4.8] ==> [/usr/lib/gcc/i686-linux-gnu/4.8]
  collapse library dir [/usr/lib/gcc/i686-linux-gnu/4.8/../../../i386-linux-gnu] ==> [/usr/lib/i386-linux-gnu]
  collapse library dir [/usr/lib/gcc/i686-linux-gnu/4.8/../../../../lib] ==> [/usr/lib]
  collapse library dir [/lib/i386-linux-gnu] ==> [/lib/i386-linux-gnu]
  collapse library dir [/lib/../lib] ==> [/lib]
  collapse library dir [/usr/lib/i386-linux-gnu] ==> [/usr/lib/i386-linux-gnu]
  collapse library dir [/usr/lib/../lib] ==> [/usr/lib]
  collapse library dir [/usr/lib/gcc/i686-linux-gnu/4.8/../../..] ==> [/usr/lib]
  implicit libs: [stdc++;m;c]
  implicit dirs: [/usr/lib/gcc/i686-linux-gnu/4.8;/usr/lib/i386-linux-gnu;/usr/lib;/lib/i386-linux-gnu;/lib]
  implicit fwks: []


Performing C++ SOURCE FILE Test HAVE_MM_MALLOC succeded with the following output:
Change Dir: /home/rodrigo/TESINA-2016-KINECT/pruebasPCLWebGL/pcd_to_png/pcl-pcl-1.7.2rc2.1/CMakeFiles/CMakeTmp

Run Build Command:/usr/bin/make "cmTryCompileExec989304499/fast"
/usr/bin/make -f CMakeFiles/cmTryCompileExec989304499.dir/build.make CMakeFiles/cmTryCompileExec989304499.dir/build
make[1]: se ingresa al directorio «/home/rodrigo/TESINA-2016-KINECT/pruebasPCLWebGL/pcd_to_png/pcl-pcl-1.7.2rc2.1/CMakeFiles/CMakeTmp»
/usr/bin/cmake -E cmake_progress_report /home/rodrigo/TESINA-2016-KINECT/pruebasPCLWebGL/pcd_to_png/pcl-pcl-1.7.2rc2.1/CMakeFiles/CMakeTmp/CMakeFiles 1
Building CXX object CMakeFiles/cmTryCompileExec989304499.dir/src.cxx.o
/usr/bin/c++    -DHAVE_MM_MALLOC   -o CMakeFiles/cmTryCompileExec989304499.dir/src.cxx.o -c /home/rodrigo/TESINA-2016-KINECT/pruebasPCLWebGL/pcd_to_png/pcl-pcl-1.7.2rc2.1/CMakeFiles/CMakeTmp/src.cxx
Linking CXX executable cmTryCompileExec989304499
/usr/bin/cmake -E cmake_link_script CMakeFiles/cmTryCompileExec989304499.dir/link.txt --verbose=1
/usr/bin/c++    -DHAVE_MM_MALLOC    CMakeFiles/cmTryCompileExec989304499.dir/src.cxx.o  -o cmTryCompileExec989304499 -rdynamic 
make[1]: se sale del directorio «/home/rodrigo/TESINA-2016-KINECT/pruebasPCLWebGL/pcd_to_png/pcl-pcl-1.7.2rc2.1/CMakeFiles/CMakeTmp»

Return value: 1
Source file was:

        #include <mm_malloc.h>
        int main()
        {
          void* mem = _mm_malloc (100, 16);
          return 0;
        }
Performing C++ SOURCE FILE Test HAVE_POSIX_MEMALIGN succeded with the following output:
Change Dir: /home/rodrigo/TESINA-2016-KINECT/pruebasPCLWebGL/pcd_to_png/pcl-pcl-1.7.2rc2.1/CMakeFiles/CMakeTmp

Run Build Command:/usr/bin/make "cmTryCompileExec3014079879/fast"
/usr/bin/make -f CMakeFiles/cmTryCompileExec3014079879.dir/build.make CMakeFiles/cmTryCompileExec3014079879.dir/build
make[1]: se ingresa al directorio «/home/rodrigo/TESINA-2016-KINECT/pruebasPCLWebGL/pcd_to_png/pcl-pcl-1.7.2rc2.1/CMakeFiles/CMakeTmp»
/usr/bin/cmake -E cmake_progress_report /home/rodrigo/TESINA-2016-KINECT/pruebasPCLWebGL/pcd_to_png/pcl-pcl-1.7.2rc2.1/CMakeFiles/CMakeTmp/CMakeFiles 1
Building CXX object CMakeFiles/cmTryCompileExec3014079879.dir/src.cxx.o
/usr/bin/c++    -DHAVE_POSIX_MEMALIGN   -o CMakeFiles/cmTryCompileExec3014079879.dir/src.cxx.o -c /home/rodrigo/TESINA-2016-KINECT/pruebasPCLWebGL/pcd_to_png/pcl-pcl-1.7.2rc2.1/CMakeFiles/CMakeTmp/src.cxx
Linking CXX executable cmTryCompileExec3014079879
/usr/bin/cmake -E cmake_link_script CMakeFiles/cmTryCompileExec3014079879.dir/link.txt --verbose=1
/usr/bin/c++    -DHAVE_POSIX_MEMALIGN    CMakeFiles/cmTryCompileExec3014079879.dir/src.cxx.o  -o cmTryCompileExec3014079879 -rdynamic 
make[1]: se sale del directorio «/home/rodrigo/TESINA-2016-KINECT/pruebasPCLWebGL/pcd_to_png/pcl-pcl-1.7.2rc2.1/CMakeFiles/CMakeTmp»

Return value: 1
Source file was:

        #include <stdlib.h>
        int main()
        {
          void* mem;
          return posix_memalign (&mem, 16, 100);
        }
Performing C++ SOURCE FILE Test HAVE_SSE4_2_EXTENSIONS succeded with the following output:
Change Dir: /home/rodrigo/TESINA-2016-KINECT/pruebasPCLWebGL/pcd_to_png/pcl-pcl-1.7.2rc2.1/CMakeFiles/CMakeTmp

Run Build Command:/usr/bin/make "cmTryCompileExec2042942842/fast"
/usr/bin/make -f CMakeFiles/cmTryCompileExec2042942842.dir/build.make CMakeFiles/cmTryCompileExec2042942842.dir/build
make[1]: se ingresa al directorio «/home/rodrigo/TESINA-2016-KINECT/pruebasPCLWebGL/pcd_to_png/pcl-pcl-1.7.2rc2.1/CMakeFiles/CMakeTmp»
/usr/bin/cmake -E cmake_progress_report /home/rodrigo/TESINA-2016-KINECT/pruebasPCLWebGL/pcd_to_png/pcl-pcl-1.7.2rc2.1/CMakeFiles/CMakeTmp/CMakeFiles 1
Building CXX object CMakeFiles/cmTryCompileExec2042942842.dir/src.cxx.o
/usr/bin/c++    -DHAVE_SSE4_2_EXTENSIONS -msse4.2   -o CMakeFiles/cmTryCompileExec2042942842.dir/src.cxx.o -c /home/rodrigo/TESINA-2016-KINECT/pruebasPCLWebGL/pcd_to_png/pcl-pcl-1.7.2rc2.1/CMakeFiles/CMakeTmp/src.cxx
Linking CXX executable cmTryCompileExec2042942842
/usr/bin/cmake -E cmake_link_script CMakeFiles/cmTryCompileExec2042942842.dir/link.txt --verbose=1
/usr/bin/c++    -DHAVE_SSE4_2_EXTENSIONS -msse4.2    CMakeFiles/cmTryCompileExec2042942842.dir/src.cxx.o  -o cmTryCompileExec2042942842 -rdynamic 
make[1]: se sale del directorio «/home/rodrigo/TESINA-2016-KINECT/pruebasPCLWebGL/pcd_to_png/pcl-pcl-1.7.2rc2.1/CMakeFiles/CMakeTmp»

Return value: 1
Source file was:

        #include <emmintrin.h>
        #include <nmmintrin.h>
        int main ()
        {
          long long a[2] = {  1, 2 };
          long long b[2] = { -1, 3 };
          long long c[2];
          __m128i va = _mm_loadu_si128 ((__m128i*)a);
          __m128i vb = _mm_loadu_si128 ((__m128i*)b);
          __m128i vc = _mm_cmpgt_epi64 (va, vb);

          _mm_storeu_si128 ((__m128i*)c, vc);
          if (c[0] == -1LL && c[1] == 0LL)
            return (0);
          else
            return (1);
        }
Performing C++ SOURCE FILE Test HAVE_SSE4_1_EXTENSIONS succeded with the following output:
Change Dir: /home/rodrigo/TESINA-2016-KINECT/pruebasPCLWebGL/pcd_to_png/pcl-pcl-1.7.2rc2.1/CMakeFiles/CMakeTmp

Run Build Command:/usr/bin/make "cmTryCompileExec1671575677/fast"
/usr/bin/make -f CMakeFiles/cmTryCompileExec1671575677.dir/build.make CMakeFiles/cmTryCompileExec1671575677.dir/build
make[1]: se ingresa al directorio «/home/rodrigo/TESINA-2016-KINECT/pruebasPCLWebGL/pcd_to_png/pcl-pcl-1.7.2rc2.1/CMakeFiles/CMakeTmp»
/usr/bin/cmake -E cmake_progress_report /home/rodrigo/TESINA-2016-KINECT/pruebasPCLWebGL/pcd_to_png/pcl-pcl-1.7.2rc2.1/CMakeFiles/CMakeTmp/CMakeFiles 1
Building CXX object CMakeFiles/cmTryCompileExec1671575677.dir/src.cxx.o
/usr/bin/c++    -DHAVE_SSE4_1_EXTENSIONS -msse4.1   -o CMakeFiles/cmTryCompileExec1671575677.dir/src.cxx.o -c /home/rodrigo/TESINA-2016-KINECT/pruebasPCLWebGL/pcd_to_png/pcl-pcl-1.7.2rc2.1/CMakeFiles/CMakeTmp/src.cxx
Linking CXX executable cmTryCompileExec1671575677
/usr/bin/cmake -E cmake_link_script CMakeFiles/cmTryCompileExec1671575677.dir/link.txt --verbose=1
/usr/bin/c++    -DHAVE_SSE4_1_EXTENSIONS -msse4.1    CMakeFiles/cmTryCompileExec1671575677.dir/src.cxx.o  -o cmTryCompileExec1671575677 -rdynamic 
make[1]: se sale del directorio «/home/rodrigo/TESINA-2016-KINECT/pruebasPCLWebGL/pcd_to_png/pcl-pcl-1.7.2rc2.1/CMakeFiles/CMakeTmp»

Return value: 1
Source file was:

        #include <smmintrin.h>
        int main ()
        {
          __m128 a, b;
          float vals[4] = {1, 2, 3, 4};
          const int mask = 123;
          a = _mm_loadu_ps (vals);
          b = a;
          b = _mm_dp_ps (a, a, mask);
          _mm_storeu_ps (vals,b);
          return (0);
        }
Performing C++ SOURCE FILE Test HAVE_SSE3_EXTENSIONS succeded with the following output:
Change Dir: /home/rodrigo/TESINA-2016-KINECT/pruebasPCLWebGL/pcd_to_png/pcl-pcl-1.7.2rc2.1/CMakeFiles/CMakeTmp

Run Build Command:/usr/bin/make "cmTryCompileExec285933965/fast"
/usr/bin/make -f CMakeFiles/cmTryCompileExec285933965.dir/build.make CMakeFiles/cmTryCompileExec285933965.dir/build
make[1]: se ingresa al directorio «/home/rodrigo/TESINA-2016-KINECT/pruebasPCLWebGL/pcd_to_png/pcl-pcl-1.7.2rc2.1/CMakeFiles/CMakeTmp»
/usr/bin/cmake -E cmake_progress_report /home/rodrigo/TESINA-2016-KINECT/pruebasPCLWebGL/pcd_to_png/pcl-pcl-1.7.2rc2.1/CMakeFiles/CMakeTmp/CMakeFiles 1
Building CXX object CMakeFiles/cmTryCompileExec285933965.dir/src.cxx.o
/usr/bin/c++    -DHAVE_SSE3_EXTENSIONS -msse3   -o CMakeFiles/cmTryCompileExec285933965.dir/src.cxx.o -c /home/rodrigo/TESINA-2016-KINECT/pruebasPCLWebGL/pcd_to_png/pcl-pcl-1.7.2rc2.1/CMakeFiles/CMakeTmp/src.cxx
Linking CXX executable cmTryCompileExec285933965
/usr/bin/cmake -E cmake_link_script CMakeFiles/cmTryCompileExec285933965.dir/link.txt --verbose=1
/usr/bin/c++    -DHAVE_SSE3_EXTENSIONS -msse3    CMakeFiles/cmTryCompileExec285933965.dir/src.cxx.o  -o cmTryCompileExec285933965 -rdynamic 
make[1]: se sale del directorio «/home/rodrigo/TESINA-2016-KINECT/pruebasPCLWebGL/pcd_to_png/pcl-pcl-1.7.2rc2.1/CMakeFiles/CMakeTmp»

Return value: 1
Source file was:

        #include <pmmintrin.h>
        int main ()
        {
            __m128d a, b;
            double vals[2] = {0};
            a = _mm_loadu_pd (vals);
            b = _mm_hadd_pd (a,a);
            _mm_storeu_pd (vals, b);
            return (0);
        }
Performing C++ SOURCE FILE Test HAVE_SSE2_EXTENSIONS succeded with the following output:
Change Dir: /home/rodrigo/TESINA-2016-KINECT/pruebasPCLWebGL/pcd_to_png/pcl-pcl-1.7.2rc2.1/CMakeFiles/CMakeTmp

Run Build Command:/usr/bin/make "cmTryCompileExec2933620485/fast"
/usr/bin/make -f CMakeFiles/cmTryCompileExec2933620485.dir/build.make CMakeFiles/cmTryCompileExec2933620485.dir/build
make[1]: se ingresa al directorio «/home/rodrigo/TESINA-2016-KINECT/pruebasPCLWebGL/pcd_to_png/pcl-pcl-1.7.2rc2.1/CMakeFiles/CMakeTmp»
/usr/bin/cmake -E cmake_progress_report /home/rodrigo/TESINA-2016-KINECT/pruebasPCLWebGL/pcd_to_png/pcl-pcl-1.7.2rc2.1/CMakeFiles/CMakeTmp/CMakeFiles 1
Building CXX object CMakeFiles/cmTryCompileExec2933620485.dir/src.cxx.o
/usr/bin/c++    -DHAVE_SSE2_EXTENSIONS -msse2   -o CMakeFiles/cmTryCompileExec2933620485.dir/src.cxx.o -c /home/rodrigo/TESINA-2016-KINECT/pruebasPCLWebGL/pcd_to_png/pcl-pcl-1.7.2rc2.1/CMakeFiles/CMakeTmp/src.cxx
Linking CXX executable cmTryCompileExec2933620485
/usr/bin/cmake -E cmake_link_script CMakeFiles/cmTryCompileExec2933620485.dir/link.txt --verbose=1
/usr/bin/c++    -DHAVE_SSE2_EXTENSIONS -msse2    CMakeFiles/cmTryCompileExec2933620485.dir/src.cxx.o  -o cmTryCompileExec2933620485 -rdynamic 
make[1]: se sale del directorio «/home/rodrigo/TESINA-2016-KINECT/pruebasPCLWebGL/pcd_to_png/pcl-pcl-1.7.2rc2.1/CMakeFiles/CMakeTmp»

Return value: 1
Source file was:

        #include <emmintrin.h>
        int main ()
        {
            __m128d a, b;
            double vals[2] = {0};
            a = _mm_loadu_pd (vals);
            b = _mm_add_pd (a,a);
            _mm_storeu_pd (vals,b);
            return (0);
        }
Performing C++ SOURCE FILE Test HAVE_SSE_EXTENSIONS succeded with the following output:
Change Dir: /home/rodrigo/TESINA-2016-KINECT/pruebasPCLWebGL/pcd_to_png/pcl-pcl-1.7.2rc2.1/CMakeFiles/CMakeTmp

Run Build Command:/usr/bin/make "cmTryCompileExec1150065770/fast"
/usr/bin/make -f CMakeFiles/cmTryCompileExec1150065770.dir/build.make CMakeFiles/cmTryCompileExec1150065770.dir/build
make[1]: se ingresa al directorio «/home/rodrigo/TESINA-2016-KINECT/pruebasPCLWebGL/pcd_to_png/pcl-pcl-1.7.2rc2.1/CMakeFiles/CMakeTmp»
/usr/bin/cmake -E cmake_progress_report /home/rodrigo/TESINA-2016-KINECT/pruebasPCLWebGL/pcd_to_png/pcl-pcl-1.7.2rc2.1/CMakeFiles/CMakeTmp/CMakeFiles 1
Building CXX object CMakeFiles/cmTryCompileExec1150065770.dir/src.cxx.o
/usr/bin/c++    -DHAVE_SSE_EXTENSIONS -msse   -o CMakeFiles/cmTryCompileExec1150065770.dir/src.cxx.o -c /home/rodrigo/TESINA-2016-KINECT/pruebasPCLWebGL/pcd_to_png/pcl-pcl-1.7.2rc2.1/CMakeFiles/CMakeTmp/src.cxx
Linking CXX executable cmTryCompileExec1150065770
/usr/bin/cmake -E cmake_link_script CMakeFiles/cmTryCompileExec1150065770.dir/link.txt --verbose=1
/usr/bin/c++    -DHAVE_SSE_EXTENSIONS -msse    CMakeFiles/cmTryCompileExec1150065770.dir/src.cxx.o  -o cmTryCompileExec1150065770 -rdynamic 
make[1]: se sale del directorio «/home/rodrigo/TESINA-2016-KINECT/pruebasPCLWebGL/pcd_to_png/pcl-pcl-1.7.2rc2.1/CMakeFiles/CMakeTmp»

Return value: 1
Source file was:

        #include <xmmintrin.h>
        int main ()
        {
            __m128 a, b;
            float vals[4] = {0};
            a = _mm_loadu_ps (vals);
            b = a;
            b = _mm_add_ps (a,b);
            _mm_storeu_ps (vals,b);
            return (0);
        }
Performing C SOURCE FILE Test OpenMP_FLAG_DETECTED succeded with the following output:
Change Dir: /home/rodrigo/TESINA-2016-KINECT/pruebasPCLWebGL/pcd_to_png/pcl-pcl-1.7.2rc2.1/CMakeFiles/CMakeTmp

Run Build Command:/usr/bin/make "cmTryCompileExec726366182/fast"
/usr/bin/make -f CMakeFiles/cmTryCompileExec726366182.dir/build.make CMakeFiles/cmTryCompileExec726366182.dir/build
make[1]: se ingresa al directorio «/home/rodrigo/TESINA-2016-KINECT/pruebasPCLWebGL/pcd_to_png/pcl-pcl-1.7.2rc2.1/CMakeFiles/CMakeTmp»
/usr/bin/cmake -E cmake_progress_report /home/rodrigo/TESINA-2016-KINECT/pruebasPCLWebGL/pcd_to_png/pcl-pcl-1.7.2rc2.1/CMakeFiles/CMakeTmp/CMakeFiles 1
Building C object CMakeFiles/cmTryCompileExec726366182.dir/src.c.o
/usr/bin/cc   -DOpenMP_FLAG_DETECTED -fopenmp   -o CMakeFiles/cmTryCompileExec726366182.dir/src.c.o   -c /home/rodrigo/TESINA-2016-KINECT/pruebasPCLWebGL/pcd_to_png/pcl-pcl-1.7.2rc2.1/CMakeFiles/CMakeTmp/src.c
Linking C executable cmTryCompileExec726366182
/usr/bin/cmake -E cmake_link_script CMakeFiles/cmTryCompileExec726366182.dir/link.txt --verbose=1
/usr/bin/cc   -DOpenMP_FLAG_DETECTED -fopenmp    CMakeFiles/cmTryCompileExec726366182.dir/src.c.o  -o cmTryCompileExec726366182 -rdynamic 
make[1]: se sale del directorio «/home/rodrigo/TESINA-2016-KINECT/pruebasPCLWebGL/pcd_to_png/pcl-pcl-1.7.2rc2.1/CMakeFiles/CMakeTmp»

Source file was:

#include <omp.h>
int main() {
#ifdef _OPENMP
  return 0;
#else
  breaks_on_purpose
#endif
}

Performing C++ SOURCE FILE Test OpenMP_FLAG_DETECTED succeded with the following output:
Change Dir: /home/rodrigo/TESINA-2016-KINECT/pruebasPCLWebGL/pcd_to_png/pcl-pcl-1.7.2rc2.1/CMakeFiles/CMakeTmp

Run Build Command:/usr/bin/make "cmTryCompileExec3536387659/fast"
/usr/bin/make -f CMakeFiles/cmTryCompileExec3536387659.dir/build.make CMakeFiles/cmTryCompileExec3536387659.dir/build
make[1]: se ingresa al directorio «/home/rodrigo/TESINA-2016-KINECT/pruebasPCLWebGL/pcd_to_png/pcl-pcl-1.7.2rc2.1/CMakeFiles/CMakeTmp»
/usr/bin/cmake -E cmake_progress_report /home/rodrigo/TESINA-2016-KINECT/pruebasPCLWebGL/pcd_to_png/pcl-pcl-1.7.2rc2.1/CMakeFiles/CMakeTmp/CMakeFiles 1
Building CXX object CMakeFiles/cmTryCompileExec3536387659.dir/src.cxx.o
/usr/bin/c++    -Wall -Wextra -Wno-unknown-pragmas -fno-strict-aliasing -Wno-format-extra-args -Wno-sign-compare -Wno-invalid-offsetof -Wno-conversion  -march=native -msse4.2 -mfpmath=sse -Wabi -pthread -DOpenMP_FLAG_DETECTED -fopenmp   -o CMakeFiles/cmTryCompileExec3536387659.dir/src.cxx.o -c /home/rodrigo/TESINA-2016-KINECT/pruebasPCLWebGL/pcd_to_png/pcl-pcl-1.7.2rc2.1/CMakeFiles/CMakeTmp/src.cxx
Linking CXX executable cmTryCompileExec3536387659
/usr/bin/cmake -E cmake_link_script CMakeFiles/cmTryCompileExec3536387659.dir/link.txt --verbose=1
/usr/bin/c++   -Wall -Wextra -Wno-unknown-pragmas -fno-strict-aliasing -Wno-format-extra-args -Wno-sign-compare -Wno-invalid-offsetof -Wno-conversion  -march=native -msse4.2 -mfpmath=sse -Wabi -pthread -DOpenMP_FLAG_DETECTED -fopenmp    CMakeFiles/cmTryCompileExec3536387659.dir/src.cxx.o  -o cmTryCompileExec3536387659 -rdynamic 
make[1]: se sale del directorio «/home/rodrigo/TESINA-2016-KINECT/pruebasPCLWebGL/pcd_to_png/pcl-pcl-1.7.2rc2.1/CMakeFiles/CMakeTmp»

Source file was:

#include <omp.h>
int main() {
#ifdef _OPENMP
  return 0;
#else
  breaks_on_purpose
#endif
}

Determining if the Q_WS_X11 exist passed with the following output:
Change Dir: /home/rodrigo/TESINA-2016-KINECT/pruebasPCLWebGL/pcd_to_png/pcl-pcl-1.7.2rc2.1/CMakeFiles/CMakeTmp

Run Build Command:/usr/bin/make "cmTryCompileExec1391924160/fast"
/usr/bin/make -f CMakeFiles/cmTryCompileExec1391924160.dir/build.make CMakeFiles/cmTryCompileExec1391924160.dir/build
make[1]: se ingresa al directorio «/home/rodrigo/TESINA-2016-KINECT/pruebasPCLWebGL/pcd_to_png/pcl-pcl-1.7.2rc2.1/CMakeFiles/CMakeTmp»
/usr/bin/cmake -E cmake_progress_report /home/rodrigo/TESINA-2016-KINECT/pruebasPCLWebGL/pcd_to_png/pcl-pcl-1.7.2rc2.1/CMakeFiles/CMakeTmp/CMakeFiles 1
Building CXX object CMakeFiles/cmTryCompileExec1391924160.dir/CheckSymbolExists.cxx.o
/usr/bin/c++    -Wall -Wextra -Wno-unknown-pragmas -fno-strict-aliasing -Wno-format-extra-args -Wno-sign-compare -Wno-invalid-offsetof -Wno-conversion  -march=native -msse4.2 -mfpmath=sse -Wabi -pthread -fopenmp  -I/usr/include/qt4    -o CMakeFiles/cmTryCompileExec1391924160.dir/CheckSymbolExists.cxx.o -c /home/rodrigo/TESINA-2016-KINECT/pruebasPCLWebGL/pcd_to_png/pcl-pcl-1.7.2rc2.1/CMakeFiles/CMakeTmp/CheckSymbolExists.cxx
Linking CXX executable cmTryCompileExec1391924160
/usr/bin/cmake -E cmake_link_script CMakeFiles/cmTryCompileExec1391924160.dir/link.txt --verbose=1
/usr/bin/c++   -Wall -Wextra -Wno-unknown-pragmas -fno-strict-aliasing -Wno-format-extra-args -Wno-sign-compare -Wno-invalid-offsetof -Wno-conversion  -march=native -msse4.2 -mfpmath=sse -Wabi -pthread -fopenmp     CMakeFiles/cmTryCompileExec1391924160.dir/CheckSymbolExists.cxx.o  -o cmTryCompileExec1391924160 -rdynamic 
make[1]: se sale del directorio «/home/rodrigo/TESINA-2016-KINECT/pruebasPCLWebGL/pcd_to_png/pcl-pcl-1.7.2rc2.1/CMakeFiles/CMakeTmp»

File /home/rodrigo/TESINA-2016-KINECT/pruebasPCLWebGL/pcd_to_png/pcl-pcl-1.7.2rc2.1/CMakeFiles/CMakeTmp/CheckSymbolExists.cxx:
/* */
#include <QtCore/qglobal.h>

int main(int argc, char** argv)
{
  (void)argv;
#ifndef Q_WS_X11
  return ((int*)(&Q_WS_X11))[argc];
#else
  (void)argc;
  return 0;
#endif
}

Determining if the function XOpenDisplay exists in the /usr/lib/i386-linux-gnu/libX11.so;/usr/lib/i386-linux-gnu/libXext.so passed with the following output:
Change Dir: /home/rodrigo/TESINA-2016-KINECT/pruebasPCLWebGL/pcd_to_png/pcl-pcl-1.7.2rc2.1/CMakeFiles/CMakeTmp

Run Build Command:/usr/bin/make "cmTryCompileExec3634866730/fast"
/usr/bin/make -f CMakeFiles/cmTryCompileExec3634866730.dir/build.make CMakeFiles/cmTryCompileExec3634866730.dir/build
make[1]: se ingresa al directorio «/home/rodrigo/TESINA-2016-KINECT/pruebasPCLWebGL/pcd_to_png/pcl-pcl-1.7.2rc2.1/CMakeFiles/CMakeTmp»
/usr/bin/cmake -E cmake_progress_report /home/rodrigo/TESINA-2016-KINECT/pruebasPCLWebGL/pcd_to_png/pcl-pcl-1.7.2rc2.1/CMakeFiles/CMakeTmp/CMakeFiles 1
Building C object CMakeFiles/cmTryCompileExec3634866730.dir/CheckFunctionExists.c.o
/usr/bin/cc   -fopenmp -DCHECK_FUNCTION_EXISTS=XOpenDisplay   -o CMakeFiles/cmTryCompileExec3634866730.dir/CheckFunctionExists.c.o   -c /usr/share/cmake-2.8/Modules/CheckFunctionExists.c
Linking C executable cmTryCompileExec3634866730
/usr/bin/cmake -E cmake_link_script CMakeFiles/cmTryCompileExec3634866730.dir/link.txt --verbose=1
/usr/bin/cc   -fopenmp -DCHECK_FUNCTION_EXISTS=XOpenDisplay    CMakeFiles/cmTryCompileExec3634866730.dir/CheckFunctionExists.c.o  -o cmTryCompileExec3634866730 -rdynamic -lX11 -lXext 
make[1]: se sale del directorio «/home/rodrigo/TESINA-2016-KINECT/pruebasPCLWebGL/pcd_to_png/pcl-pcl-1.7.2rc2.1/CMakeFiles/CMakeTmp»


Determining if the function gethostbyname exists passed with the following output:
Change Dir: /home/rodrigo/TESINA-2016-KINECT/pruebasPCLWebGL/pcd_to_png/pcl-pcl-1.7.2rc2.1/CMakeFiles/CMakeTmp

Run Build Command:/usr/bin/make "cmTryCompileExec2692374482/fast"
/usr/bin/make -f CMakeFiles/cmTryCompileExec2692374482.dir/build.make CMakeFiles/cmTryCompileExec2692374482.dir/build
make[1]: se ingresa al directorio «/home/rodrigo/TESINA-2016-KINECT/pruebasPCLWebGL/pcd_to_png/pcl-pcl-1.7.2rc2.1/CMakeFiles/CMakeTmp»
/usr/bin/cmake -E cmake_progress_report /home/rodrigo/TESINA-2016-KINECT/pruebasPCLWebGL/pcd_to_png/pcl-pcl-1.7.2rc2.1/CMakeFiles/CMakeTmp/CMakeFiles 1
Building C object CMakeFiles/cmTryCompileExec2692374482.dir/CheckFunctionExists.c.o
/usr/bin/cc   -fopenmp -DCHECK_FUNCTION_EXISTS=gethostbyname   -o CMakeFiles/cmTryCompileExec2692374482.dir/CheckFunctionExists.c.o   -c /usr/share/cmake-2.8/Modules/CheckFunctionExists.c
Linking C executable cmTryCompileExec2692374482
/usr/bin/cmake -E cmake_link_script CMakeFiles/cmTryCompileExec2692374482.dir/link.txt --verbose=1
/usr/bin/cc   -fopenmp -DCHECK_FUNCTION_EXISTS=gethostbyname    CMakeFiles/cmTryCompileExec2692374482.dir/CheckFunctionExists.c.o  -o cmTryCompileExec2692374482 -rdynamic 
make[1]: se sale del directorio «/home/rodrigo/TESINA-2016-KINECT/pruebasPCLWebGL/pcd_to_png/pcl-pcl-1.7.2rc2.1/CMakeFiles/CMakeTmp»


Determining if the function connect exists passed with the following output:
Change Dir: /home/rodrigo/TESINA-2016-KINECT/pruebasPCLWebGL/pcd_to_png/pcl-pcl-1.7.2rc2.1/CMakeFiles/CMakeTmp

Run Build Command:/usr/bin/make "cmTryCompileExec3690616130/fast"
/usr/bin/make -f CMakeFiles/cmTryCompileExec3690616130.dir/build.make CMakeFiles/cmTryCompileExec3690616130.dir/build
make[1]: se ingresa al directorio «/home/rodrigo/TESINA-2016-KINECT/pruebasPCLWebGL/pcd_to_png/pcl-pcl-1.7.2rc2.1/CMakeFiles/CMakeTmp»
/usr/bin/cmake -E cmake_progress_report /home/rodrigo/TESINA-2016-KINECT/pruebasPCLWebGL/pcd_to_png/pcl-pcl-1.7.2rc2.1/CMakeFiles/CMakeTmp/CMakeFiles 1
Building C object CMakeFiles/cmTryCompileExec3690616130.dir/CheckFunctionExists.c.o
/usr/bin/cc   -fopenmp -DCHECK_FUNCTION_EXISTS=connect   -o CMakeFiles/cmTryCompileExec3690616130.dir/CheckFunctionExists.c.o   -c /usr/share/cmake-2.8/Modules/CheckFunctionExists.c
Linking C executable cmTryCompileExec3690616130
/usr/bin/cmake -E cmake_link_script CMakeFiles/cmTryCompileExec3690616130.dir/link.txt --verbose=1
/usr/bin/cc   -fopenmp -DCHECK_FUNCTION_EXISTS=connect    CMakeFiles/cmTryCompileExec3690616130.dir/CheckFunctionExists.c.o  -o cmTryCompileExec3690616130 -rdynamic 
make[1]: se sale del directorio «/home/rodrigo/TESINA-2016-KINECT/pruebasPCLWebGL/pcd_to_png/pcl-pcl-1.7.2rc2.1/CMakeFiles/CMakeTmp»


Determining if the function remove exists passed with the following output:
Change Dir: /home/rodrigo/TESINA-2016-KINECT/pruebasPCLWebGL/pcd_to_png/pcl-pcl-1.7.2rc2.1/CMakeFiles/CMakeTmp

Run Build Command:/usr/bin/make "cmTryCompileExec2485207581/fast"
/usr/bin/make -f CMakeFiles/cmTryCompileExec2485207581.dir/build.make CMakeFiles/cmTryCompileExec2485207581.dir/build
make[1]: se ingresa al directorio «/home/rodrigo/TESINA-2016-KINECT/pruebasPCLWebGL/pcd_to_png/pcl-pcl-1.7.2rc2.1/CMakeFiles/CMakeTmp»
/usr/bin/cmake -E cmake_progress_report /home/rodrigo/TESINA-2016-KINECT/pruebasPCLWebGL/pcd_to_png/pcl-pcl-1.7.2rc2.1/CMakeFiles/CMakeTmp/CMakeFiles 1
Building C object CMakeFiles/cmTryCompileExec2485207581.dir/CheckFunctionExists.c.o
/usr/bin/cc   -fopenmp -DCHECK_FUNCTION_EXISTS=remove   -o CMakeFiles/cmTryCompileExec2485207581.dir/CheckFunctionExists.c.o   -c /usr/share/cmake-2.8/Modules/CheckFunctionExists.c
Linking C executable cmTryCompileExec2485207581
/usr/bin/cmake -E cmake_link_script CMakeFiles/cmTryCompileExec2485207581.dir/link.txt --verbose=1
/usr/bin/cc   -fopenmp -DCHECK_FUNCTION_EXISTS=remove    CMakeFiles/cmTryCompileExec2485207581.dir/CheckFunctionExists.c.o  -o cmTryCompileExec2485207581 -rdynamic 
make[1]: se sale del directorio «/home/rodrigo/TESINA-2016-KINECT/pruebasPCLWebGL/pcd_to_png/pcl-pcl-1.7.2rc2.1/CMakeFiles/CMakeTmp»


Determining if the function shmat exists passed with the following output:
Change Dir: /home/rodrigo/TESINA-2016-KINECT/pruebasPCLWebGL/pcd_to_png/pcl-pcl-1.7.2rc2.1/CMakeFiles/CMakeTmp

Run Build Command:/usr/bin/make "cmTryCompileExec2845289163/fast"
/usr/bin/make -f CMakeFiles/cmTryCompileExec2845289163.dir/build.make CMakeFiles/cmTryCompileExec2845289163.dir/build
make[1]: se ingresa al directorio «/home/rodrigo/TESINA-2016-KINECT/pruebasPCLWebGL/pcd_to_png/pcl-pcl-1.7.2rc2.1/CMakeFiles/CMakeTmp»
/usr/bin/cmake -E cmake_progress_report /home/rodrigo/TESINA-2016-KINECT/pruebasPCLWebGL/pcd_to_png/pcl-pcl-1.7.2rc2.1/CMakeFiles/CMakeTmp/CMakeFiles 1
Building C object CMakeFiles/cmTryCompileExec2845289163.dir/CheckFunctionExists.c.o
/usr/bin/cc   -fopenmp -DCHECK_FUNCTION_EXISTS=shmat   -o CMakeFiles/cmTryCompileExec2845289163.dir/CheckFunctionExists.c.o   -c /usr/share/cmake-2.8/Modules/CheckFunctionExists.c
Linking C executable cmTryCompileExec2845289163
/usr/bin/cmake -E cmake_link_script CMakeFiles/cmTryCompileExec2845289163.dir/link.txt --verbose=1
/usr/bin/cc   -fopenmp -DCHECK_FUNCTION_EXISTS=shmat    CMakeFiles/cmTryCompileExec2845289163.dir/CheckFunctionExists.c.o  -o cmTryCompileExec2845289163 -rdynamic 
make[1]: se sale del directorio «/home/rodrigo/TESINA-2016-KINECT/pruebasPCLWebGL/pcd_to_png/pcl-pcl-1.7.2rc2.1/CMakeFiles/CMakeTmp»


Determining if the function IceConnectionNumber exists in the ICE passed with the following output:
Change Dir: /home/rodrigo/TESINA-2016-KINECT/pruebasPCLWebGL/pcd_to_png/pcl-pcl-1.7.2rc2.1/CMakeFiles/CMakeTmp

Run Build Command:/usr/bin/make "cmTryCompileExec2465298488/fast"
/usr/bin/make -f CMakeFiles/cmTryCompileExec2465298488.dir/build.make CMakeFiles/cmTryCompileExec2465298488.dir/build
make[1]: se ingresa al directorio «/home/rodrigo/TESINA-2016-KINECT/pruebasPCLWebGL/pcd_to_png/pcl-pcl-1.7.2rc2.1/CMakeFiles/CMakeTmp»
/usr/bin/cmake -E cmake_progress_report /home/rodrigo/TESINA-2016-KINECT/pruebasPCLWebGL/pcd_to_png/pcl-pcl-1.7.2rc2.1/CMakeFiles/CMakeTmp/CMakeFiles 1
Building C object CMakeFiles/cmTryCompileExec2465298488.dir/CheckFunctionExists.c.o
/usr/bin/cc   -fopenmp -DCHECK_FUNCTION_EXISTS=IceConnectionNumber   -o CMakeFiles/cmTryCompileExec2465298488.dir/CheckFunctionExists.c.o   -c /usr/share/cmake-2.8/Modules/CheckFunctionExists.c
Linking C executable cmTryCompileExec2465298488
/usr/bin/cmake -E cmake_link_script CMakeFiles/cmTryCompileExec2465298488.dir/link.txt --verbose=1
/usr/bin/cc   -fopenmp -DCHECK_FUNCTION_EXISTS=IceConnectionNumber    CMakeFiles/cmTryCompileExec2465298488.dir/CheckFunctionExists.c.o  -o cmTryCompileExec2465298488 -rdynamic -lICE 
make[1]: se sale del directorio «/home/rodrigo/TESINA-2016-KINECT/pruebasPCLWebGL/pcd_to_png/pcl-pcl-1.7.2rc2.1/CMakeFiles/CMakeTmp»


